Arguments: 
  C:\Program Files\nodejs\node.exe C:\Program Files (x86)\Yarn\bin\yarn.js add firebase

PATH: 
  C:\Python310\Scripts\;C:\Python310\;C:\ProgramData\Oracle\Java\javapath;C:\Program Files (x86)\NVIDIA Corporation\PhysX\Common;C:\Program Files (x86)\Common Files\Intel\Shared Files\cpp\bin\Intel64;C:\WINDOWS\system32;C:\WINDOWS;C:\WINDOWS\System32\Wbem;C:\WINDOWS\System32\WindowsPowerShell\v1.0\;C:\Program Files (x86)\GtkSharp\2.12\bin;C:\WINDOWS\System32\OpenSSH\;C:\xampp\php;C:\composer;C:\Program Files\Git\cmd;C:\ProgramData\chocolatey\bin;C:\YUSA AR\local\node_modules\npm;C:\Users\YUSA AR\AppData\Roaming\npm;C:\Users\Yusa AR\AppData\Local\Yarn\bin;C:\Program Files (x86)\Yarn\bin\;C:\Users\Yusa AR\AppData\Roaming\nvm;C:\Program Files\nodejs;C:\Users\Yusa AR\AppData\Local\Programs\Microsoft VS Code\bin;C:\Program Files (x86)\heroku\bin;C:\Users\Yusa AR\AppData\Roaming\Composer\vendor\bin;D:\aplikasi\Anaconda;C:\Users\Yusa AR\AppData\Local\Programs\Python\Python39\Scripts;C:\Users\Yusa AR\AppData\Roaming\npm;C:\Users\Yusa AR\AppData\Roaming\nvm;C:\Program Files\nodejs;C:\Users\Yusa AR\AppData\Roaming\npm;C:\Users\YUSA AR\AppData\Local\Yarn\bin;C:\Users\Yusa AR\AppData\Local\Programs\Microsoft VS Code\bin;C:\Program Files (x86)\heroku\bin;C:\Users\Yusa AR\AppData\Roaming\Composer\vendor\bin;D:\aplikasi\Anaconda;C:\Users\Yusa AR\AppData\Local\Programs\Python\Python39\Scripts;C:\Users\Yusa AR\AppData\Roaming\npm;C:\Users\Yusa AR\AppData\Local\Yarn\bin;C:\Users\Yusa AR\AppData\Roaming\nvm;C:\Program Files\nodejs;C:\Users\YUSA AR\AppData\Local\Yarn\bin;

Yarn version: 
  1.22.4

Node version: 
  16.13.2

Platform: 
  win32 x64

Trace: 
  Error: https://registry.yarnpkg.com/@mui/icons-material/-/icons-material-5.2.5.tgz: ESOCKETTIMEDOUT
      at ClientRequest.<anonymous> (C:\Program Files (x86)\Yarn\lib\cli.js:141375:19)
      at Object.onceWrapper (node:events:509:28)
      at ClientRequest.emit (node:events:390:28)
      at TLSSocket.emitRequestTimeout (node:_http_client:763:9)
      at Object.onceWrapper (node:events:509:28)
      at TLSSocket.emit (node:events:402:35)
      at TLSSocket.Socket._onTimeout (node:net:501:8)
      at listOnTimeout (node:internal/timers:557:17)
      at processTimers (node:internal/timers:500:7)

npm manifest: 
  {
    "name": "food-delivery",
    "version": "0.1.0",
    "private": true,
    "dependencies": {
      "@emotion/react": "^11.7.1",
      "@emotion/styled": "^11.6.0",
      "@mui/icons-material": "^5.2.4",
      "@mui/material": "^5.2.4",
      "@testing-library/jest-dom": "^5.16.1",
      "@testing-library/react": "^12.1.2",
      "@testing-library/user-event": "^13.5.0",
      "axios": "^0.24.0",
      "react": "^17.0.2",
      "react-dom": "^17.0.2",
      "react-redux": "^7.2.6",
      "react-scripts": "5.0.0",
      "web-vitals": "^2.1.2"
    },
    "scripts": {
      "start": "react-scripts start",
      "build": "react-scripts build",
      "test": "react-scripts test",
      "eject": "react-scripts eject"
    },
    "eslintConfig": {
      "extends": [
        "react-app",
        "react-app/jest"
      ]
    },
    "browserslist": {
      "production": [
        ">0.2%",
        "not dead",
        "not op_mini all"
      ],
      "development": [
        "last 1 chrome version",
        "last 1 firefox version",
        "last 1 safari version"
      ]
    }
  }

yarn manifest: 
  No manifest

Lockfile: 
  No lockfile
